[debug] [2022-01-13T16:08:50.548Z] ----------------------------------------------------------------------
[debug] [2022-01-13T16:08:50.550Z] Command:       /usr/local/bin/node /usr/local/bin/firebase init
[debug] [2022-01-13T16:08:50.550Z] CLI Version:   10.1.0
[debug] [2022-01-13T16:08:50.550Z] Platform:      darwin
[debug] [2022-01-13T16:08:50.550Z] Node Version:  v14.18.1
[debug] [2022-01-13T16:08:50.554Z] Time:          Thu Jan 13 2022 16:08:50 GMT+0000 (Greenwich Mean Time)
[debug] [2022-01-13T16:08:50.554Z] ----------------------------------------------------------------------
[debug] 
[debug] [2022-01-13T16:08:50.560Z] > command requires scopes: ["email","openid","https://www.googleapis.com/auth/cloudplatformprojects.readonly","https://www.googleapis.com/auth/firebase","https://www.googleapis.com/auth/cloud-platform"]
[debug] [2022-01-13T16:08:50.560Z] > authorizing via signed-in user (abdul.123@live.co.uk)
[info] 
     ######## #### ########  ######## ########     ###     ######  ########
     ##        ##  ##     ## ##       ##     ##  ##   ##  ##       ##
     ######    ##  ########  ######   ########  #########  ######  ######
     ##        ##  ##    ##  ##       ##     ## ##     ##       ## ##
     ##       #### ##     ## ######## ########  ##     ##  ######  ########

You're about to initialize a Firebase project in this directory:

  /Users/basitoketunde/Documents/Development/punk-api

[debug] [2022-01-13T17:35:09.857Z] Error: read EIO
    at TTY.onStreamRead (internal/stream_base_commons.js:209:20)
[error] 
[error] Error: An unexpected error has occurred.
[debug] [2022-01-13T17:35:09.862Z] Error: write EIO
    at afterWriteDispatched (internal/stream_base_commons.js:156:25)
    at writeGeneric (internal/stream_base_commons.js:147:3)
    at WriteStream.Socket._writeGeneric (net.js:798:11)
    at WriteStream.Socket._write (net.js:810:8)
    at writeOrBuffer (internal/streams/writable.js:358:12)
    at WriteStream.Writable.write (internal/streams/writable.js:303:10)
    at Console.log (/usr/local/lib/node_modules/firebase-tools/node_modules/winston/lib/winston/transports/console.js:79:23)
    at Console._write (/usr/local/lib/node_modules/firebase-tools/node_modules/winston-transport/index.js:103:17)
    at doWrite (/usr/local/lib/node_modules/firebase-tools/node_modules/winston-transport/node_modules/readable-stream/lib/_stream_writable.js:428:64)
    at writeOrBuffer (/usr/local/lib/node_modules/firebase-tools/node_modules/winston-transport/node_modules/readable-stream/lib/_stream_writable.js:417:5)
    at Console.Writable.write (/usr/local/lib/node_modules/firebase-tools/node_modules/winston-transport/node_modules/readable-stream/lib/_stream_writable.js:334:11)
    at DerivedLogger.ondata (/usr/local/lib/node_modules/firebase-tools/node_modules/readable-stream/lib/_stream_readable.js:662:20)
    at DerivedLogger.emit (events.js:412:35)
    at DerivedLogger.emit (domain.js:475:12)
    at addChunk (/usr/local/lib/node_modules/firebase-tools/node_modules/readable-stream/lib/_stream_readable.js:297:12)
    at readableAddChunk (/usr/local/lib/node_modules/firebase-tools/node_modules/readable-stream/lib/_stream_readable.js:279:11)
[error] 
[error] Error: An unexpected error has occurred.
